TN:
SF:C:\sources\Hapi-openapi3\lib\handlers.js
DA:1,1
DA:2,1
DA:3,1
DA:4,1
DA:5,1
DA:6,1
DA:7,1
DA:8,1
DA:9,0
DA:10,10
DA:11,10
DA:12,1
DA:13,0
DA:14,1
DA:15,1
DA:16,1
DA:17,1
DA:18,1
DA:19,1
DA:20,1
LF:15
LH:13
end_of_record
TN:
SF:C:\sources\Hapi-openapi3\lib\index.js
DA:1,1
DA:2,1
DA:3,1
DA:4,1
DA:5,1
DA:6,1
DA:7,1
DA:8,1
DA:9,1
DA:10,1
DA:11,1
DA:12,1
DA:13,1
DA:14,1
DA:15,1
DA:16,1
DA:17,1
DA:18,1
DA:19,1
DA:20,1
DA:21,1
DA:22,1
DA:23,1
DA:24,1
DA:25,1
DA:26,1
DA:27,10
DA:28,1
DA:29,1
DA:30,10
DA:31,0
DA:32,10
DA:33,1
DA:34,1
DA:35,1
DA:36,1
DA:37,1
DA:38,10
DA:39,10
DA:40,1
DA:41,10
DA:42,1
DA:43,1
DA:44,1
DA:45,1
DA:46,1
DA:47,1
DA:48,1
DA:49,1
DA:50,1
DA:51,1
DA:52,1
DA:53,1
DA:54,1
DA:55,0
DA:56,1
DA:57,1
DA:58,1
DA:59,1
DA:60,1
DA:61,1
DA:62,1
DA:63,1
DA:64,1
DA:65,1
LF:44
LH:42
end_of_record
TN:
SF:C:\sources\Hapi-openapi3\lib\routeUtilities.js
DA:1,1
DA:2,1
DA:3,1
DA:4,1
DA:5,1
DA:6,1
DA:7,1
DA:8,1
DA:9,1
DA:10,1
DA:11,1
DA:12,22
DA:13,10
DA:14,1
DA:15,1
DA:16,22
DA:17,22
DA:18,24
DA:19,22
DA:20,1
DA:21,1
DA:22,24
DA:23,1
DA:24,1
DA:25,22
DA:26,1
DA:27,1
DA:28,1
DA:29,1
DA:30,1
DA:31,1
DA:32,1
DA:33,1
DA:34,1
DA:35,1
DA:36,0
DA:37,10
DA:38,1
DA:39,10
DA:40,1
DA:41,1
DA:42,10
DA:43,1
DA:44,1
DA:45,1
DA:46,1
DA:47,1
DA:48,1
DA:49,1
LF:26
LH:25
end_of_record
TN:
SF:C:\sources\Hapi-openapi3\lib\validators.js
DA:1,1
DA:2,1
DA:3,1
DA:4,1
DA:5,1
DA:6,1
DA:7,1
DA:8,1
DA:9,1
DA:10,1
DA:11,1
DA:12,0
DA:13,0
DA:14,1
DA:15,0
DA:16,0
DA:17,1
DA:18,0
DA:19,0
DA:20,1
DA:21,0
DA:22,0
DA:23,1
DA:24,1
DA:25,1
DA:26,1
DA:27,1
DA:28,1
DA:29,1
DA:30,1
DA:31,1
DA:32,0
DA:33,0
DA:34,1
DA:35,0
DA:36,0
DA:37,1
DA:38,0
DA:39,0
DA:40,1
DA:41,0
DA:42,0
DA:43,1
DA:44,0
DA:45,0
DA:46,1
DA:47,0
DA:48,0
DA:49,1
DA:50,1
DA:51,1
DA:52,1
DA:53,1
DA:54,1
DA:55,1
DA:56,1
DA:57,1
DA:58,1
DA:59,1
DA:60,1
DA:61,1
DA:62,24
DA:63,17
DA:64,1
DA:65,1
DA:66,24
DA:67,2
DA:68,1
DA:69,1
DA:70,24
DA:71,4
DA:72,2
DA:73,1
DA:74,2
DA:75,1
DA:76,1
DA:77,1
DA:78,24
DA:79,4
DA:80,2
DA:81,1
DA:82,2
DA:83,1
DA:84,1
DA:85,24
DA:86,1
DA:87,1
DA:88,1
DA:89,1
DA:90,1
DA:91,1
DA:92,1
DA:93,1
DA:94,1
DA:95,1
DA:96,8
DA:97,2
DA:98,1
DA:99,0
DA:100,0
DA:101,1
DA:102,0
DA:103,0
DA:104,1
DA:105,1
DA:106,2
DA:107,2
DA:108,1
DA:109,0
DA:110,1
DA:111,1
DA:112,6
DA:113,1
DA:114,1
DA:115,8
DA:116,1
DA:117,1
DA:118,1
DA:119,8
DA:120,1
DA:121,1
DA:122,1
DA:123,8
DA:124,1
DA:125,1
DA:126,8
DA:127,1
DA:128,1
DA:129,1
DA:130,1
DA:131,1
DA:132,1
DA:133,1
DA:134,1
DA:135,1
DA:136,1
DA:137,6
DA:138,1
DA:139,1
DA:140,6
DA:141,1
DA:142,6
DA:143,1
DA:144,6
DA:145,1
DA:146,6
DA:147,1
DA:148,1
DA:149,1
DA:150,1
DA:151,1
DA:152,1
DA:153,1
DA:154,1
DA:155,1
DA:156,1
DA:157,1
DA:158,33
DA:159,1
DA:160,33
DA:161,4
DA:162,1
DA:163,33
DA:164,1
DA:165,9
DA:166,1
DA:167,1
DA:168,1
DA:169,1
DA:170,1
DA:171,1
DA:172,1
DA:173,1
DA:174,1
DA:175,1
DA:176,1
DA:177,1
DA:178,51
DA:179,1
DA:180,51
DA:181,1
DA:182,17
DA:183,17
DA:184,1
DA:185,7
DA:186,7
DA:187,1
DA:188,8
DA:189,8
DA:190,1
DA:191,4
DA:192,4
DA:193,1
DA:194,6
DA:195,6
DA:196,1
DA:197,9
DA:198,9
DA:199,1
DA:200,0
DA:201,1
DA:202,1
DA:203,51
DA:204,1
DA:205,1
DA:206,51
DA:207,1
DA:208,1
DA:209,1
DA:210,1
DA:211,1
DA:212,1
DA:213,1
DA:214,1
DA:215,1
DA:216,1
DA:217,1
DA:218,8
DA:219,1
DA:220,1
DA:221,1
DA:222,1
DA:223,1
DA:224,1
DA:225,1
DA:226,1
DA:227,1
DA:228,1
DA:229,1
DA:230,12
DA:231,4
DA:232,0
DA:233,1
DA:234,8
DA:235,1
DA:236,1
DA:237,0
DA:238,12
DA:239,1
DA:240,12
DA:241,1
DA:242,1
DA:243,1
DA:244,1
DA:245,1
DA:246,1
DA:247,1
DA:248,1
DA:249,1
DA:250,1
DA:251,1
DA:252,1
DA:253,1
DA:254,1
DA:255,1
DA:256,1
DA:257,4
DA:258,4
DA:259,1
DA:260,1
DA:261,1
DA:262,1
DA:263,4
DA:264,1
DA:265,4
DA:266,1
DA:267,2
DA:268,2
DA:269,2
DA:270,1
DA:271,2
DA:272,2
DA:273,2
DA:274,1
DA:275,0
DA:276,1
DA:277,1
DA:278,1
DA:279,1
DA:280,10
DA:281,1
DA:282,8
DA:283,8
DA:284,1
DA:285,1
DA:286,1
DA:287,1
DA:288,10
DA:289,1
DA:290,1
DA:291,1
DA:292,1
DA:293,1
DA:294,1
LF:188
LH:159
end_of_record
